c:\users\codel\documents\visual studio 2017\projects\mariobros\mariobros\debug\vc141.pdb
c:\users\codel\documents\visual studio 2017\projects\mariobros\mariobros\debug\vc141.idb
c:\users\codel\documents\visual studio 2017\projects\mariobros\mariobros\debug\texture2d.obj
c:\users\codel\documents\visual studio 2017\projects\mariobros\mariobros\debug\text.obj
c:\users\codel\documents\visual studio 2017\projects\mariobros\mariobros\debug\statemanager.obj
c:\users\codel\documents\visual studio 2017\projects\mariobros\mariobros\debug\spritesheet.obj
c:\users\codel\documents\visual studio 2017\projects\mariobros\mariobros\debug\powblock.obj
c:\users\codel\documents\visual studio 2017\projects\mariobros\mariobros\debug\player.obj
c:\users\codel\documents\visual studio 2017\projects\mariobros\mariobros\debug\pipe.obj
c:\users\codel\documents\visual studio 2017\projects\mariobros\mariobros\debug\main.obj
c:\users\codel\documents\visual studio 2017\projects\mariobros\mariobros\debug\levelmap.obj
c:\users\codel\documents\visual studio 2017\projects\mariobros\mariobros\debug\level1.obj
c:\users\codel\documents\visual studio 2017\projects\mariobros\mariobros\debug\entitymanager.obj
c:\users\codel\documents\visual studio 2017\projects\mariobros\mariobros\debug\entity.obj
c:\users\codel\documents\visual studio 2017\projects\mariobros\mariobros\debug\collision.obj
c:\users\codel\documents\visual studio 2017\projects\mariobros\mariobros\debug\enemy.obj
c:\users\codel\documents\visual studio 2017\projects\mariobros\mariobros\debug\movingentity.obj
c:\users\codel\documents\visual studio 2017\projects\mariobros\mariobros\debug\camera.obj
c:\users\codel\documents\visual studio 2017\projects\mariobros\mariobros\debug\block.obj
c:\users\codel\documents\visual studio 2017\projects\mariobros\debug\mariobros.exe
c:\users\codel\documents\visual studio 2017\projects\mariobros\debug\mariobros.ilk
c:\users\codel\documents\visual studio 2017\projects\mariobros\debug\mariobros.pdb
c:\users\codel\documents\visual studio 2017\projects\mariobros\mariobros\debug\character.obj
c:\users\codel\documents\visual studio 2017\projects\mariobros\mariobros\debug\mariobros.tlog\cl.command.1.tlog
c:\users\codel\documents\visual studio 2017\projects\mariobros\mariobros\debug\mariobros.tlog\cl.read.1.tlog
c:\users\codel\documents\visual studio 2017\projects\mariobros\mariobros\debug\mariobros.tlog\cl.write.1.tlog
c:\users\codel\documents\visual studio 2017\projects\mariobros\mariobros\debug\mariobros.tlog\link.command.1.tlog
c:\users\codel\documents\visual studio 2017\projects\mariobros\mariobros\debug\mariobros.tlog\link.read.1.tlog
c:\users\codel\documents\visual studio 2017\projects\mariobros\mariobros\debug\mariobros.tlog\link.write.1.tlog
