  Animation.cpp
c:\users\codel\documents\visual studio 2017\projects\mariobros\mariobros\commons.h(39): warning C4244: '=': conversion from 'float' to 'int', possible loss of data
c:\users\codel\documents\visual studio 2017\projects\mariobros\mariobros\commons.h(40): warning C4244: '=': conversion from 'float' to 'int', possible loss of data
  AnimationHandler.cpp
c:\users\codel\documents\visual studio 2017\projects\mariobros\mariobros\commons.h(39): warning C4244: '=': conversion from 'float' to 'int', possible loss of data
c:\users\codel\documents\visual studio 2017\projects\mariobros\mariobros\commons.h(40): warning C4244: '=': conversion from 'float' to 'int', possible loss of data
c:\users\codel\documents\visual studio 2017\projects\mariobros\mariobros\animationhandler.cpp(46): warning C4018: '>=': signed/unsigned mismatch
  Audio.cpp
c:\users\codel\documents\visual studio 2017\projects\mariobros\mariobros\audio.cpp(32): warning C4150: deletion of pointer to incomplete type '_Mix_Music'; no destructor called
  c:\users\codel\documents\visual studio 2017\projects\mariobros\mariobros\sdl\mixer_include\sdl_mixer.h(131): note: see declaration of '_Mix_Music'
  Block.cpp
c:\users\codel\documents\visual studio 2017\projects\mariobros\mariobros\commons.h(39): warning C4244: '=': conversion from 'float' to 'int', possible loss of data
c:\users\codel\documents\visual studio 2017\projects\mariobros\mariobros\commons.h(40): warning C4244: '=': conversion from 'float' to 'int', possible loss of data
c:\users\codel\documents\visual studio 2017\projects\mariobros\mariobros\block.cpp(48): warning C4018: '<': signed/unsigned mismatch
  Collision.cpp
c:\users\codel\documents\visual studio 2017\projects\mariobros\mariobros\commons.h(39): warning C4244: '=': conversion from 'float' to 'int', possible loss of data
c:\users\codel\documents\visual studio 2017\projects\mariobros\mariobros\commons.h(40): warning C4244: '=': conversion from 'float' to 'int', possible loss of data
c:\users\codel\documents\visual studio 2017\projects\mariobros\mariobros\collision.cpp(13): warning C4244: '=': conversion from 'float' to 'int', possible loss of data
c:\users\codel\documents\visual studio 2017\projects\mariobros\mariobros\collision.cpp(14): warning C4244: '=': conversion from 'float' to 'int', possible loss of data
c:\users\codel\documents\visual studio 2017\projects\mariobros\mariobros\collision.cpp(30): warning C4018: '<': signed/unsigned mismatch
c:\users\codel\documents\visual studio 2017\projects\mariobros\mariobros\collision.cpp(56): warning C4018: '<': signed/unsigned mismatch
  Enemy.cpp
c:\users\codel\documents\visual studio 2017\projects\mariobros\mariobros\commons.h(39): warning C4244: '=': conversion from 'float' to 'int', possible loss of data
c:\users\codel\documents\visual studio 2017\projects\mariobros\mariobros\commons.h(40): warning C4244: '=': conversion from 'float' to 'int', possible loss of data
c:\users\codel\documents\visual studio 2017\projects\mariobros\mariobros\enemy.cpp(122): warning C4018: '<': signed/unsigned mismatch
  Entity.cpp
c:\users\codel\documents\visual studio 2017\projects\mariobros\mariobros\commons.h(39): warning C4244: '=': conversion from 'float' to 'int', possible loss of data
c:\users\codel\documents\visual studio 2017\projects\mariobros\mariobros\commons.h(40): warning C4244: '=': conversion from 'float' to 'int', possible loss of data
c:\users\codel\documents\visual studio 2017\projects\mariobros\mariobros\entity.cpp(59): warning C4244: '=': conversion from 'int' to 'float', possible loss of data
c:\users\codel\documents\visual studio 2017\projects\mariobros\mariobros\entity.cpp(60): warning C4244: '=': conversion from 'int' to 'float', possible loss of data
c:\users\codel\documents\visual studio 2017\projects\mariobros\mariobros\entity.cpp(71): warning C4244: 'argument': conversion from 'int' to 'float', possible loss of data
  EntityManager.cpp
c:\users\codel\documents\visual studio 2017\projects\mariobros\mariobros\commons.h(39): warning C4244: '=': conversion from 'float' to 'int', possible loss of data
c:\users\codel\documents\visual studio 2017\projects\mariobros\mariobros\commons.h(40): warning C4244: '=': conversion from 'float' to 'int', possible loss of data
c:\users\codel\documents\visual studio 2017\projects\mariobros\mariobros\entitymanager.cpp(8): warning C4244: 'argument': conversion from 'time_t' to 'unsigned int', possible loss of data
c:\users\codel\documents\visual studio 2017\projects\mariobros\mariobros\entitymanager.cpp(36): warning C4018: '<': signed/unsigned mismatch
c:\users\codel\documents\visual studio 2017\projects\mariobros\mariobros\entitymanager.cpp(128): warning C4018: '<': signed/unsigned mismatch
  Level.cpp
c:\users\codel\documents\visual studio 2017\projects\mariobros\mariobros\commons.h(39): warning C4244: '=': conversion from 'float' to 'int', possible loss of data
c:\users\codel\documents\visual studio 2017\projects\mariobros\mariobros\commons.h(40): warning C4244: '=': conversion from 'float' to 'int', possible loss of data
  LevelMap.cpp
c:\users\codel\documents\visual studio 2017\projects\mariobros\mariobros\commons.h(39): warning C4244: '=': conversion from 'float' to 'int', possible loss of data
c:\users\codel\documents\visual studio 2017\projects\mariobros\mariobros\commons.h(40): warning C4244: '=': conversion from 'float' to 'int', possible loss of data
c:\users\codel\documents\visual studio 2017\projects\mariobros\mariobros\levelmap.cpp(89): warning C4244: 'argument': conversion from 'int' to 'float', possible loss of data
c:\users\codel\documents\visual studio 2017\projects\mariobros\mariobros\levelmap.cpp(93): warning C4244: 'argument': conversion from 'int' to 'float', possible loss of data
c:\users\codel\documents\visual studio 2017\projects\mariobros\mariobros\levelmap.cpp(98): warning C4244: 'argument': conversion from 'int' to 'float', possible loss of data
c:\users\codel\documents\visual studio 2017\projects\mariobros\mariobros\levelmap.cpp(103): warning C4244: 'argument': conversion from 'int' to 'float', possible loss of data
c:\users\codel\documents\visual studio 2017\projects\mariobros\mariobros\levelmap.cpp(108): warning C4244: 'argument': conversion from 'int' to 'float', possible loss of data
c:\users\codel\documents\visual studio 2017\projects\mariobros\mariobros\levelmap.cpp(113): warning C4244: 'argument': conversion from 'int' to 'float', possible loss of data
c:\users\codel\documents\visual studio 2017\projects\mariobros\mariobros\levelmap.cpp(118): warning C4244: 'argument': conversion from 'int' to 'float', possible loss of data
  MovingEntity.cpp
c:\users\codel\documents\visual studio 2017\projects\mariobros\mariobros\commons.h(39): warning C4244: '=': conversion from 'float' to 'int', possible loss of data
c:\users\codel\documents\visual studio 2017\projects\mariobros\mariobros\commons.h(40): warning C4244: '=': conversion from 'float' to 'int', possible loss of data
  Pipe.cpp
c:\users\codel\documents\visual studio 2017\projects\mariobros\mariobros\commons.h(39): warning C4244: '=': conversion from 'float' to 'int', possible loss of data
c:\users\codel\documents\visual studio 2017\projects\mariobros\mariobros\commons.h(40): warning C4244: '=': conversion from 'float' to 'int', possible loss of data
c:\users\codel\documents\visual studio 2017\projects\mariobros\mariobros\pipe.cpp(57): warning C4018: '<': signed/unsigned mismatch
  Player.cpp
c:\users\codel\documents\visual studio 2017\projects\mariobros\mariobros\commons.h(39): warning C4244: '=': conversion from 'float' to 'int', possible loss of data
c:\users\codel\documents\visual studio 2017\projects\mariobros\mariobros\commons.h(40): warning C4244: '=': conversion from 'float' to 'int', possible loss of data
c:\users\codel\documents\visual studio 2017\projects\mariobros\mariobros\player.cpp(124): warning C4018: '<': signed/unsigned mismatch
  PowBlock.cpp
c:\users\codel\documents\visual studio 2017\projects\mariobros\mariobros\commons.h(39): warning C4244: '=': conversion from 'float' to 'int', possible loss of data
c:\users\codel\documents\visual studio 2017\projects\mariobros\mariobros\commons.h(40): warning C4244: '=': conversion from 'float' to 'int', possible loss of data
c:\users\codel\documents\visual studio 2017\projects\mariobros\mariobros\powblock.cpp(41): warning C4018: '<': signed/unsigned mismatch
  SpriteSheet.cpp
c:\users\codel\documents\visual studio 2017\projects\mariobros\mariobros\commons.h(39): warning C4244: '=': conversion from 'float' to 'int', possible loss of data
c:\users\codel\documents\visual studio 2017\projects\mariobros\mariobros\commons.h(40): warning C4244: '=': conversion from 'float' to 'int', possible loss of data
c:\users\codel\documents\visual studio 2017\projects\mariobros\mariobros\spritesheet.cpp(30): warning C4244: 'argument': conversion from 'int' to 'float', possible loss of data
c:\users\codel\documents\visual studio 2017\projects\mariobros\mariobros\spritesheet.cpp(40): warning C4244: 'argument': conversion from 'int' to 'float', possible loss of data
  StateManager.cpp
c:\users\codel\documents\visual studio 2017\projects\mariobros\mariobros\commons.h(39): warning C4244: '=': conversion from 'float' to 'int', possible loss of data
c:\users\codel\documents\visual studio 2017\projects\mariobros\mariobros\commons.h(40): warning C4244: '=': conversion from 'float' to 'int', possible loss of data
  Text.cpp
c:\users\codel\documents\visual studio 2017\projects\mariobros\mariobros\commons.h(39): warning C4244: '=': conversion from 'float' to 'int', possible loss of data
c:\users\codel\documents\visual studio 2017\projects\mariobros\mariobros\commons.h(40): warning C4244: '=': conversion from 'float' to 'int', possible loss of data
c:\users\codel\documents\visual studio 2017\projects\mariobros\mariobros\text.cpp(30): warning C4244: '=': conversion from 'float' to 'int', possible loss of data
c:\users\codel\documents\visual studio 2017\projects\mariobros\mariobros\text.cpp(31): warning C4244: '=': conversion from 'float' to 'int', possible loss of data
c:\users\codel\documents\visual studio 2017\projects\mariobros\mariobros\text.cpp(52): warning C4244: '=': conversion from 'float' to 'int', possible loss of data
c:\users\codel\documents\visual studio 2017\projects\mariobros\mariobros\text.cpp(53): warning C4244: '=': conversion from 'float' to 'int', possible loss of data
c:\users\codel\documents\visual studio 2017\projects\mariobros\mariobros\text.cpp(66): warning C4244: '=': conversion from 'float' to 'int', possible loss of data
c:\users\codel\documents\visual studio 2017\projects\mariobros\mariobros\text.cpp(67): warning C4244: '=': conversion from 'float' to 'int', possible loss of data
c:\users\codel\documents\visual studio 2017\projects\mariobros\mariobros\text.cpp(81): warning C4244: '*=': conversion from 'float' to 'int', possible loss of data
c:\users\codel\documents\visual studio 2017\projects\mariobros\mariobros\text.cpp(82): warning C4244: '*=': conversion from 'float' to 'int', possible loss of data
  Texture2D.cpp
c:\users\codel\documents\visual studio 2017\projects\mariobros\mariobros\commons.h(39): warning C4244: '=': conversion from 'float' to 'int', possible loss of data
c:\users\codel\documents\visual studio 2017\projects\mariobros\mariobros\commons.h(40): warning C4244: '=': conversion from 'float' to 'int', possible loss of data
c:\users\codel\documents\visual studio 2017\projects\mariobros\mariobros\texture2d.cpp(63): warning C4838: conversion from 'float' to 'int' requires a narrowing conversion
c:\users\codel\documents\visual studio 2017\projects\mariobros\mariobros\texture2d.cpp(63): warning C4244: 'initializing': conversion from 'float' to 'int', possible loss of data
c:\users\codel\documents\visual studio 2017\projects\mariobros\mariobros\texture2d.cpp(81): warning C4838: conversion from 'float' to 'int' requires a narrowing conversion
c:\users\codel\documents\visual studio 2017\projects\mariobros\mariobros\texture2d.cpp(81): warning C4244: 'initializing': conversion from 'float' to 'int', possible loss of data
c:\users\codel\documents\visual studio 2017\projects\mariobros\mariobros\texture2d.cpp(82): warning C4838: conversion from 'float' to 'int' requires a narrowing conversion
c:\users\codel\documents\visual studio 2017\projects\mariobros\mariobros\texture2d.cpp(82): warning C4244: 'initializing': conversion from 'float' to 'int', possible loss of data
  TitleScreen.cpp
c:\users\codel\documents\visual studio 2017\projects\mariobros\mariobros\commons.h(39): warning C4244: '=': conversion from 'float' to 'int', possible loss of data
c:\users\codel\documents\visual studio 2017\projects\mariobros\mariobros\commons.h(40): warning C4244: '=': conversion from 'float' to 'int', possible loss of data
c:\users\codel\documents\visual studio 2017\projects\mariobros\mariobros\titlescreen.cpp(75): warning C4244: 'argument': conversion from 'int' to 'float', possible loss of data
  main.cpp
c:\users\codel\documents\visual studio 2017\projects\mariobros\mariobros\commons.h(39): warning C4244: '=': conversion from 'float' to 'int', possible loss of data
c:\users\codel\documents\visual studio 2017\projects\mariobros\mariobros\commons.h(40): warning C4244: '=': conversion from 'float' to 'int', possible loss of data
c:\users\codel\documents\visual studio 2017\projects\mariobros\mariobros\main.cpp(25): warning C4244: 'argument': conversion from 'time_t' to 'unsigned int', possible loss of data
  Generating Code...
  MarioBros.vcxproj -> C:\Users\codel\Documents\Visual Studio 2017\Projects\MarioBros\Debug\MarioBros.exe
